RANK               0           1           2            3            4             5             6             7
SimAnnealing      64          20          11            2            2                                          
progressive       49          18          22           11                                                       
rand              53          29           9            7            2                                          
b2                53          22          13            9                                        2              
bonr              49          27          20            4                                                       
ExpProgressive    38          33          18           11                                                       
baseline                                   7           18           27            22            16            11
PI                62          13          16            7            2                                          
EI                62          18          13            4            2                                          
UCB               62          11          18            7            2                                          
#                                                                                                            
#EVALS                                                                                                       
RANK                     0           1           2            3            4             5             6             7
SimAnnealing      32 (  8)    30 (  0)    24 (  0)     20 (  0)     20 (  0)       0 (  0)       0 (  0)       0 (  0)
progressive       34 (  4)    34 (  0)    24 ( 12)     18 (  0)      0 (  0)       0 (  0)       0 (  0)       0 (  0)
rand              30 (  8)    34 (  8)    28 (  0)     33 (  0)     20 (  0)       0 (  0)       0 (  0)       0 (  0)
b2                30 ( 12)    31 (  8)    28 (  0)     20 (  0)      0 (  0)       0 (  0)      10 (  0)       0 (  0)
bonr              34 (  8)    33 (  4)    22 (  0)     20 (  0)      0 (  0)       0 (  0)       0 (  0)       0 (  0)
ExpProgressive    34 (  4)    35 (  8)    23 (  0)     20 (  0)      0 (  0)       0 (  0)       0 (  0)       0 (  0)
baseline           0 (  0)     0 (  0)   1584 (  0)   2474 (  0)   2428 (1423)   2033 (1425)   24598 (  0)   5061 (  0)
PI                31 (  4)    37 (  0)    33 (  0)     23 (  0)     20 (  0)       0 (  0)       0 (  0)       0 (  0)
EI                30 (  4)    34 (  0)    32 (  0)     20 (  0)     20 (  0)       0 (  0)       0 (  0)       0 (  0)
UCB               31 (  4)    32 (  0)    33 (  0)     17 (  0)     20 (  0)       0 (  0)       0 (  0)       0 (  0)
#                                                                                                            
#DELTAS                                                                                                      
RANK                     0           1           2            3            4             5             6             7
SimAnnealing      69 ( 20)    65 (  0)    61 (  0)     75 (  0)     20 (  0)       0 (  0)       0 (  0)       0 (  0)
progressive       68 ( 29)    59 (  0)    54 ( 31)     54 (  0)      0 (  0)       0 (  0)       0 (  0)       0 (  0)
rand              72 ( 26)    57 ( 15)    63 (  0)     55 (  0)     53 (  0)       0 (  0)       0 (  0)       0 (  0)
b2                73 ( 24)    67 ( 31)    38 (  0)     53 (  0)      0 (  0)       0 (  0)      38 (  0)       0 (  0)
bonr              67 ( 28)    72 ( 27)    44 (  0)     57 (  0)      0 (  0)       0 (  0)       0 (  0)       0 (  0)
ExpProgressive    69 ( 28)    61 ( 19)    50 (  0)     54 (  0)      0 (  0)       0 (  0)       0 (  0)       0 (  0)
baseline           0 (  0)     0 (  0)     0 (  0)      0 (  0)      0 (  0)       0 (  0)       0 (  0)       0 (  0)
PI                67 ( 24)    69 (  0)    64 (  0)     47 (  0)     55 (  0)       0 (  0)       0 (  0)       0 (  0)
EI                67 ( 23)    70 (  0)    53 (  0)     64 (  0)     55 (  0)       0 (  0)       0 (  0)       0 (  0)
UCB               67 ( 23)    66 (  0)    54 (  0)     71 (  0)     55 (  0)       0 (  0)       0 (  0)       0 (  0)
