RANK          0           1           2           3           4            5            6            7           8           9          10
rand         56           6          25           6                                     6                                                 
b2           56          19          13           6           6                                                                           
UCB_plus     69           6          19                                                 6                                                 
UCB_minus    69           6          13           6                                     6                                                 
bonr         63          13          13          13                                                                                       
focus        69           6          19           6                                                                                       
baseline                                                     31           25           19           13                       6           6
PI           69           6          19                                                 6                                                 
EI           69           6          19                                                 6                                                 
#
#EVALS
RANK                0           1           2           3           4            5            6            7           8           9          10
rand         44 (  0)    30 (  0)    35 (  0)    30 (  0)     0 (  0)      0 (  0)     50 (  0)      0 (  0)     0 (  0)     0 (  0)     0 (  0)
b2           33 (  0)    45 (  0)    43 (  0)    10 (  0)    55 (  0)      0 (  0)      0 (  0)      0 (  0)     0 (  0)     0 (  0)     0 (  0)
UCB_plus     42 ( 12)    45 (  0)    40 (  0)     0 (  0)     0 (  0)      0 (  0)     45 (  0)      0 (  0)     0 (  0)     0 (  0)     0 (  0)
UCB_minus    39 ( 10)    60 (  0)    43 (  0)    25 (  0)     0 (  0)      0 (  0)     45 (  0)      0 (  0)     0 (  0)     0 (  0)     0 (  0)
bonr         44 ( 10)    40 (  0)    38 (  0)    45 (  0)     0 (  0)      0 (  0)      0 (  0)      0 (  0)     0 (  0)     0 (  0)     0 (  0)
focus        38 ( 12)    45 (  0)    33 (  0)    10 (  0)     0 (  0)      0 (  0)      0 (  0)      0 (  0)     0 (  0)     0 (  0)     0 (  0)
baseline      0 (  0)     0 (  0)     0 (  0)     0 (  0)   2212 (  0)   2765 (  0)   1980 (  0)   762 (  0)     0 (  0)   192 (  0)   86058 (  0)
PI           40 ( 10)    45 (  0)    45 (  0)     0 (  0)     0 (  0)      0 (  0)     45 (  0)      0 (  0)     0 (  0)     0 (  0)     0 (  0)
EI           39 ( 12)    60 (  0)    43 (  0)     0 (  0)     0 (  0)      0 (  0)     45 (  0)      0 (  0)     0 (  0)     0 (  0)     0 (  0)
#
#DELTAS
RANK                0           1           2           3           4            5            6            7           8           9          10
rand         74 (  0)   100 (  0)    55 (  0)    91 (  0)     0 (  0)      0 (  0)     58 (  0)      0 (  0)     0 (  0)     0 (  0)     0 (  0)
b2           72 (  0)    92 (  0)    48 (  0)    75 (  0)    62 (  0)      0 (  0)      0 (  0)      0 (  0)     0 (  0)     0 (  0)     0 (  0)
UCB_plus     74 ( 36)    50 (  0)    80 (  0)     0 (  0)     0 (  0)      0 (  0)     58 (  0)      0 (  0)     0 (  0)     0 (  0)     0 (  0)
UCB_minus    74 ( 36)    50 (  0)    70 (  0)    91 (  0)     0 (  0)      0 (  0)     58 (  0)      0 (  0)     0 (  0)     0 (  0)     0 (  0)
bonr         68 ( 37)    64 (  0)    98 (  0)    64 (  0)     0 (  0)      0 (  0)      0 (  0)      0 (  0)     0 (  0)     0 (  0)     0 (  0)
focus        76 ( 15)     0 (  0)    95 (  0)    67 (  0)     0 (  0)      0 (  0)      0 (  0)      0 (  0)     0 (  0)     0 (  0)     0 (  0)
baseline      0 (  0)     0 (  0)     0 (  0)     0 (  0)     0 (  0)      0 (  0)      0 (  0)      0 (  0)     0 (  0)     0 (  0)     0 (  0)
PI           74 ( 36)    50 (  0)    80 (  0)     0 (  0)     0 (  0)      0 (  0)     58 (  0)      0 (  0)     0 (  0)     0 (  0)     0 (  0)
EI           73 ( 36)    50 (  0)    80 (  0)     0 (  0)     0 (  0)      0 (  0)     58 (  0)      0 (  0)     0 (  0)     0 (  0)     0 (  0)
