RANK          0           1           2           3           4            5           6           7           8           9          10          11          12          13
rand         77          15                       8                                                                                                                         
UCB_plus     69          23                                                8                                                                                                
b2           31          31           8          15           8                        8                                                                                    
UCB_minus    77          15                                                            8                                                                                    
bonr         38          15          15          23                                    8                                                                                    
focus        46           8          15          15           8                        8                                                                                    
baseline                                                     38           23                      23                                               8                       8
PI           77          15                                   8                                                                                                             
EI           77          15                                                            8                                                                                    
#
#EVALS
RANK                0           1           2           3           4            5           6           7           8           9          10          11          12          13
rand         44 ( 14)    48 (  0)     0 (  0)    30 (  0)     0 (  0)      0 (  0)     0 (  0)     0 (  0)     0 (  0)     0 (  0)     0 (  0)     0 (  0)     0 (  0)     0 (  0)
UCB_plus     35 (  0)    38 (  0)     0 (  0)     0 (  0)     0 (  0)     50 (  0)     0 (  0)     0 (  0)     0 (  0)     0 (  0)     0 (  0)     0 (  0)     0 (  0)     0 (  0)
b2           45 (  0)    48 (  0)    40 (  0)    53 (  0)    10 (  0)      0 (  0)    10 (  0)     0 (  0)     0 (  0)     0 (  0)     0 (  0)     0 (  0)     0 (  0)     0 (  0)
UCB_minus    38 ( 12)    35 (  0)     0 (  0)     0 (  0)     0 (  0)      0 (  0)    45 (  0)     0 (  0)     0 (  0)     0 (  0)     0 (  0)     0 (  0)     0 (  0)     0 (  0)
bonr         43 (  0)    35 (  0)    45 (  0)    40 (  0)     0 (  0)      0 (  0)    60 (  0)     0 (  0)     0 (  0)     0 (  0)     0 (  0)     0 (  0)     0 (  0)     0 (  0)
focus        48 (  0)    55 (  0)    15 (  0)    23 (  0)    45 (  0)      0 (  0)    40 (  0)     0 (  0)     0 (  0)     0 (  0)     0 (  0)     0 (  0)     0 (  0)     0 (  0)
baseline      0 (  0)     0 (  0)     0 (  0)     0 (  0)   2281 (  0)   929 (  0)     0 (  0)   646 (  0)     0 (  0)     0 (  0)     0 (  0)   196 (  0)     0 (  0)   206 (  0)
PI           37 ( 12)    35 (  0)     0 (  0)     0 (  0)    50 (  0)      0 (  0)     0 (  0)     0 (  0)     0 (  0)     0 (  0)     0 (  0)     0 (  0)     0 (  0)     0 (  0)
EI           35 ( 12)    35 (  0)     0 (  0)     0 (  0)     0 (  0)      0 (  0)    50 (  0)     0 (  0)     0 (  0)     0 (  0)     0 (  0)     0 (  0)     0 (  0)     0 (  0)
#
#DELTAS
RANK                0           1           2           3           4            5           6           7           8           9          10          11          12          13
rand         60 ( 25)    67 (  0)     0 (  0)    89 (  0)     0 (  0)      0 (  0)     0 (  0)     0 (  0)     0 (  0)     0 (  0)     0 (  0)     0 (  0)     0 (  0)     0 (  0)
UCB_plus     55 (  0)    78 (  0)     0 (  0)     0 (  0)     0 (  0)     84 (  0)     0 (  0)     0 (  0)     0 (  0)     0 (  0)     0 (  0)     0 (  0)     0 (  0)     0 (  0)
b2           54 (  0)    52 (  0)    33 (  0)    69 (  0)    59 (  0)      0 (  0)    55 (  0)     0 (  0)     0 (  0)     0 (  0)     0 (  0)     0 (  0)     0 (  0)     0 (  0)
UCB_minus    59 ( 23)    67 (  0)     0 (  0)     0 (  0)     0 (  0)      0 (  0)    84 (  0)     0 (  0)     0 (  0)     0 (  0)     0 (  0)     0 (  0)     0 (  0)     0 (  0)
bonr         48 (  0)    74 (  0)    34 (  0)    74 (  0)     0 (  0)      0 (  0)    28 (  0)     0 (  0)     0 (  0)     0 (  0)     0 (  0)     0 (  0)     0 (  0)     0 (  0)
focus        63 (  0)    58 (  0)    17 (  0)    55 (  0)    65 (  0)      0 (  0)    84 (  0)     0 (  0)     0 (  0)     0 (  0)     0 (  0)     0 (  0)     0 (  0)     0 (  0)
baseline      0 (  0)     0 (  0)     0 (  0)     0 (  0)     0 (  0)      0 (  0)     0 (  0)     0 (  0)     0 (  0)     0 (  0)     0 (  0)     0 (  0)     0 (  0)     0 (  0)
PI           59 ( 24)    67 (  0)     0 (  0)     0 (  0)    84 (  0)      0 (  0)     0 (  0)     0 (  0)     0 (  0)     0 (  0)     0 (  0)     0 (  0)     0 (  0)     0 (  0)
EI           59 ( 24)    67 (  0)     0 (  0)     0 (  0)     0 (  0)      0 (  0)    84 (  0)     0 (  0)     0 (  0)     0 (  0)     0 (  0)     0 (  0)     0 (  0)     0 (  0)
