RANK          0           1           2           3           4             5            6            7            8             9          10            11          12          13
rand         49          13          20          13           2                          2                                                                                          
b2           47          22          13           9           7                          2                                                                                          
UCB_plus     53          16          20           7                         2            2                                                                                          
UCB_minus    56          13          16          11                                      4                                                                                          
bonr         58          18          11          11                                      2                                                                                          
focus        64          11          13           7           2                          2                                                                                          
baseline                                                     29            20           16           20            4             2           4             2                       2
PI           56          16          18           7           2                          2                                                                                          
EI           56          13          20           7                                      4                                                                                          
#                                                                                                                                                                                
#EVALS                                                                                                                                                                           
RANK                0           1           2           3           4             5            6            7            8             9          10            11          12          13
rand         43 ( 12)    43 (  0)    43 (  0)    38 (  0)    40 (  0)       0 (  0)     50 (  0)      0 (  0)      0 (  0)       0 (  0)     0 (  0)       0 (  0)     0 (  0)     0 (  0)
b2           39 ( 12)    46 ( 14)    45 (  0)    33 (  0)    40 (  0)       0 (  0)     10 (  0)      0 (  0)      0 (  0)       0 (  0)     0 (  0)       0 (  0)     0 (  0)     0 (  0)
UCB_plus     41 ( 10)    44 (  0)    47 (  0)    43 (  0)     0 (  0)      50 (  0)     45 (  0)      0 (  0)      0 (  0)       0 (  0)     0 (  0)       0 (  0)     0 (  0)     0 (  0)
UCB_minus    40 ( 10)    46 (  0)    51 (  0)    41 (  0)     0 (  0)       0 (  0)     45 (  0)      0 (  0)      0 (  0)       0 (  0)     0 (  0)       0 (  0)     0 (  0)     0 (  0)
bonr         45 (  8)    43 (  0)    41 (  0)    42 (  0)     0 (  0)       0 (  0)     60 (  0)      0 (  0)      0 (  0)       0 (  0)     0 (  0)       0 (  0)     0 (  0)     0 (  0)
focus        43 (  8)    40 (  0)    28 (  0)    18 (  0)    45 (  0)       0 (  0)     40 (  0)      0 (  0)      0 (  0)       0 (  0)     0 (  0)       0 (  0)     0 (  0)     0 (  0)
baseline      0 (  0)     0 (  0)     0 (  0)     0 (  0)   2247 (1043)   2243 (  0)   3642 (  0)   3814 (  0)   37768 (  0)   192 (  0)   43076 (  0)   196 (  0)     0 (  0)   206 (  0)
PI           40 ( 10)    44 (  0)    49 (  0)    47 (  0)    50 (  0)       0 (  0)     45 (  0)      0 (  0)      0 (  0)       0 (  0)     0 (  0)       0 (  0)     0 (  0)     0 (  0)
EI           39 ( 12)    46 (  0)    49 (  0)    38 (  0)     0 (  0)       0 (  0)     48 (  0)      0 (  0)      0 (  0)       0 (  0)     0 (  0)       0 (  0)     0 (  0)     0 (  0)
#                                                                                                                                                                                
#DELTAS                                                                                                                                                                          
RANK                0           1           2           3           4             5            6            7            8             9          10            11          12          13
rand         67 ( 24)    81 (  0)    59 (  0)    79 (  0)    38 (  0)       0 (  0)     58 (  0)      0 (  0)      0 (  0)       0 (  0)     0 (  0)       0 (  0)     0 (  0)     0 (  0)
b2           69 ( 22)    73 ( 28)    54 (  0)    70 (  0)    55 (  0)       0 (  0)     55 (  0)      0 (  0)      0 (  0)       0 (  0)     0 (  0)       0 (  0)     0 (  0)     0 (  0)
UCB_plus     67 ( 23)    75 (  0)    72 (  0)    60 (  0)     0 (  0)      84 (  0)     58 (  0)      0 (  0)      0 (  0)       0 (  0)     0 (  0)       0 (  0)     0 (  0)     0 (  0)
UCB_minus    68 ( 23)    71 (  0)    64 (  0)    74 (  0)     0 (  0)       0 (  0)     71 (  0)      0 (  0)      0 (  0)       0 (  0)     0 (  0)       0 (  0)     0 (  0)     0 (  0)
bonr         67 ( 24)    76 (  0)    56 (  0)    70 (  0)     0 (  0)       0 (  0)     28 (  0)      0 (  0)      0 (  0)       0 (  0)     0 (  0)       0 (  0)     0 (  0)     0 (  0)
focus        72 ( 21)    62 (  0)    66 (  0)    59 (  0)    65 (  0)       0 (  0)     84 (  0)      0 (  0)      0 (  0)       0 (  0)     0 (  0)       0 (  0)     0 (  0)     0 (  0)
baseline      0 (  0)     0 (  0)     0 (  0)     0 (  0)     0 (  0)       0 (  0)      0 (  0)      0 (  0)      0 (  0)       0 (  0)     0 (  0)       0 (  0)     0 (  0)     0 (  0)
PI           68 ( 24)    73 (  0)    70 (  0)    59 (  0)    84 (  0)       0 (  0)     58 (  0)      0 (  0)      0 (  0)       0 (  0)     0 (  0)       0 (  0)     0 (  0)     0 (  0)
EI           67 ( 24)    71 (  0)    68 (  0)    74 (  0)     0 (  0)       0 (  0)     71 (  0)      0 (  0)      0 (  0)       0 (  0)     0 (  0)       0 (  0)     0 (  0)     0 (  0)
