RANK          0           1           2           3           4            5            6            7            8             9          10
rand         19          19          31          25           6                                                                              
b2           50          19          19           6           6                                                                              
UCB_plus     25          19          38          19                                                                                          
UCB_minus    25          19          31          25                                                                                          
focus        75          19           6                                                                                                      
bonr         69          25           6                                                                                                      
baseline                                                     19           13           25           25           13                         6
PI           25          25          31          19                                                                                          
EI           25          19          38          19                                                                                          
#
#EVALS
RANK                0           1           2           3           4            5            6            7            8             9          10
rand         38 (  0)    43 (  0)    50 (  0)    41 (  0)    40 (  0)      0 (  0)      0 (  0)      0 (  0)      0 (  0)       0 (  0)     0 (  0)
b2           41 (  0)    43 (  0)    48 (  0)    15 (  0)    55 (  0)      0 (  0)      0 (  0)      0 (  0)      0 (  0)       0 (  0)     0 (  0)
UCB_plus     50 (  0)    48 (  0)    51 (  0)    43 (  0)     0 (  0)      0 (  0)      0 (  0)      0 (  0)      0 (  0)       0 (  0)     0 (  0)
UCB_minus    50 (  0)    48 (  0)    54 (  0)    45 (  0)     0 (  0)      0 (  0)      0 (  0)      0 (  0)      0 (  0)       0 (  0)     0 (  0)
focus        44 (  8)    33 (  0)    40 (  0)     0 (  0)     0 (  0)      0 (  0)      0 (  0)      0 (  0)      0 (  0)       0 (  0)     0 (  0)
bonr         48 (  4)    48 (  0)    40 (  0)     0 (  0)     0 (  0)      0 (  0)      0 (  0)      0 (  0)      0 (  0)       0 (  0)     0 (  0)
baseline      0 (  0)     0 (  0)     0 (  0)     0 (  0)   2248 (  0)   3168 (  0)   4889 (  0)   7716 (  0)   37768 (  0)     0 (  0)    93 (  0)
PI           50 (  0)    49 (  0)    51 (  0)    47 (  0)     0 (  0)      0 (  0)      0 (  0)      0 (  0)      0 (  0)       0 (  0)     0 (  0)
EI           50 (  0)    48 (  0)    53 (  0)    38 (  0)     0 (  0)      0 (  0)      0 (  0)      0 (  0)      0 (  0)       0 (  0)     0 (  0)
#
#DELTAS
RANK                0           1           2           3           4            5            6            7            8             9          10
rand         67 (  0)    84 (  0)    62 (  0)    73 (  0)    38 (  0)      0 (  0)      0 (  0)      0 (  0)      0 (  0)       0 (  0)     0 (  0)
b2           73 (  0)    83 (  0)    66 (  0)    67 (  0)    44 (  0)      0 (  0)      0 (  0)      0 (  0)      0 (  0)       0 (  0)     0 (  0)
UCB_plus     72 (  0)    81 (  0)    68 (  0)    60 (  0)     0 (  0)      0 (  0)      0 (  0)      0 (  0)      0 (  0)       0 (  0)     0 (  0)
UCB_minus    72 (  0)    81 (  0)    61 (  0)    70 (  0)     0 (  0)      0 (  0)      0 (  0)      0 (  0)      0 (  0)       0 (  0)     0 (  0)
focus        72 ( 25)    83 (  0)    76 (  0)     0 (  0)     0 (  0)      0 (  0)      0 (  0)      0 (  0)      0 (  0)       0 (  0)     0 (  0)
bonr         76 ( 19)    84 (  0)    16 (  0)     0 (  0)     0 (  0)      0 (  0)      0 (  0)      0 (  0)      0 (  0)       0 (  0)     0 (  0)
baseline      0 (  0)     0 (  0)     0 (  0)     0 (  0)     0 (  0)      0 (  0)      0 (  0)      0 (  0)      0 (  0)       0 (  0)     0 (  0)
PI           72 (  0)    82 (  0)    64 (  0)    59 (  0)     0 (  0)      0 (  0)      0 (  0)      0 (  0)      0 (  0)       0 (  0)     0 (  0)
EI           72 (  0)    81 (  0)    61 (  0)    74 (  0)     0 (  0)      0 (  0)      0 (  0)      0 (  0)      0 (  0)       0 (  0)     0 (  0)
